Build started 10/10/2016 11:08:52.
     1>Project "D:\Research\Projects\TurbulenceVisualisation\gitrepo\Preprocessor\Preprocessor.vcxproj" on node 2 (Build target(s)).
     1>ClCompile:
         C:\Program Files (x86)\Microsoft Visual Studio 12.0\VC\bin\x86_amd64\CL.exe /c /I"C:\Program Files (x86)\Visual Leak Detector\include" /I"C:\Program Files\NVIDIA GPU Computing Toolkit\CUDA\v8.0\include" /Zi /nologo /W3 /WX- /O2 /Oi /GL /D WIN32 /D NDEBUG /D _CONSOLE /D _UNICODE /D UNICODE /Gm- /EHsc /MD /GS /Gy /fp:precise /Zc:wchar_t /Zc:forScope /Fo"x64\Release\\" /Fd"x64\Release\vc120.pdb" /Gd /TP /errorReport:prompt ..\shared\CompressVolume.cpp ..\shared\FilePool.cpp ..\shared\GPUResources.cpp ..\shared\SysTools.cpp ..\shared\TimerCPU.cpp ..\shared\TimeVolumeInfo.cpp ..\shared\TimeVolumeIO.cpp Preprocessor.cpp Statistics.cpp
         CompressVolume.cpp
         FilePool.cpp
         GPUResources.cpp
         SysTools.cpp
     1>..\shared\SysTools.cpp(153): warning C4996: 'fopen': This function or variable may be unsafe. Consider using fopen_s instead. To disable deprecation, use _CRT_SECURE_NO_WARNINGS. See online help for details.
                 C:\Program Files (x86)\Microsoft Visual Studio 12.0\VC\include\stdio.h(211) : see declaration of 'fopen'
         TimerCPU.cpp
         TimeVolumeInfo.cpp
         TimeVolumeIO.cpp
         Preprocessor.cpp
         Statistics.cpp
       Link:
         C:\Program Files (x86)\Microsoft Visual Studio 12.0\VC\bin\x86_amd64\link.exe /ERRORREPORT:PROMPT /OUT:"D:\Research\Projects\TurbulenceVisualisation\gitrepo\x64\Release\Preprocessor.exe" /INCREMENTAL:NO /NOLOGO /LIBPATH:"C:\Program Files (x86)\Visual Leak Detector\lib\Win64" /LIBPATH:"C:\Program Files\NVIDIA GPU Computing Toolkit\CUDA\v8.0\lib\x64" cudart.lib cudaCompress.lib kernel32.lib user32.lib gdi32.lib winspool.lib comdlg32.lib advapi32.lib shell32.lib ole32.lib oleaut32.lib uuid.lib odbc32.lib odbccp32.lib /MANIFEST /MANIFESTUAC:"level='asInvoker' uiAccess='false'" /manifest:embed /DEBUG /PDB:"D:\Research\Projects\TurbulenceVisualisation\gitrepo\x64\Release\Preprocessor.pdb" /SUBSYSTEM:CONSOLE /OPT:REF /OPT:ICF /LTCG /TLBID:1 /DYNAMICBASE /NXCOMPAT /IMPLIB:"D:\Research\Projects\TurbulenceVisualisation\gitrepo\x64\Release\Preprocessor.lib" /MACHINE:X64 x64\Release\CompressVolume.obj
         x64\Release\FilePool.obj
         x64\Release\GPUResources.obj
         x64\Release\SysTools.obj
         x64\Release\TimerCPU.obj
         x64\Release\TimeVolumeInfo.obj
         x64\Release\TimeVolumeIO.obj
         x64\Release\Preprocessor.obj
         x64\Release\Statistics.obj
         Generating code
         Finished generating code
         Preprocessor.vcxproj -> D:\Research\Projects\TurbulenceVisualisation\gitrepo\x64\Release\Preprocessor.exe
       PostBuildEvent:
         robocopy "D:\Research\Projects\TurbulenceVisualisation\gitrepo\dll" "D:\Research\Projects\TurbulenceVisualisation\gitrepo\x64\Release\\" *.dll /XX /NJH /NJS /NP
         if errorlevel 4 goto error
         robocopy "D:\Research\Projects\TurbulenceVisualisation\gitrepo\dll\Release" "D:\Research\Projects\TurbulenceVisualisation\gitrepo\x64\Release\\" *.dll /XX /NJH /NJS /NP
         if errorlevel 4 goto error
         exit 0
         :error
         exit 1
         :VCEnd
         
         	                   2	D:\Research\Projects\TurbulenceVisualisation\gitrepo\dll\
         
         	                   1	D:\Research\Projects\TurbulenceVisualisation\gitrepo\dll\Release\
     1>Done Building Project "D:\Research\Projects\TurbulenceVisualisation\gitrepo\Preprocessor\Preprocessor.vcxproj" (Build target(s)).

Build succeeded.

Time Elapsed 00:00:06.66
