d:\research\projects\turbulencevisualisation\gitrepo\x64\release\box.fxo
d:\research\projects\turbulencevisualisation\gitrepo\x64\release\line.fxo
d:\research\projects\turbulencevisualisation\gitrepo\x64\release\progressbar.fxo
d:\research\projects\turbulencevisualisation\gitrepo\x64\release\screen.fxo
d:\research\projects\turbulencevisualisation\gitrepo\x64\release\transferfunctioneditor.fxo
d:\research\projects\turbulencevisualisation\gitrepo\renderer\x64\release\brickindexgpu.cu.cache
d:\research\projects\turbulencevisualisation\gitrepo\renderer\x64\release\brickrequestsgpu.cu.cache
d:\research\projects\turbulencevisualisation\gitrepo\renderer\x64\release\brickslot.cu.cache
d:\research\projects\turbulencevisualisation\gitrepo\renderer\x64\release\clearcudaarray.cu.cache
d:\research\projects\turbulencevisualisation\gitrepo\renderer\x64\release\integrationparamsgpu.cu.cache
d:\research\projects\turbulencevisualisation\gitrepo\renderer\x64\release\integrator.cu.cache
d:\research\projects\turbulencevisualisation\gitrepo\renderer\x64\release\integratorkernelpath.cu.cache
d:\research\projects\turbulencevisualisation\gitrepo\renderer\x64\release\integratorkernelsimpleparticle.cu.cache
d:\research\projects\turbulencevisualisation\gitrepo\renderer\x64\release\integratorkernelstream.cu.cache
d:\research\projects\turbulencevisualisation\gitrepo\renderer\x64\release\integratorkernelstreamdense.cu.cache
d:\research\projects\turbulencevisualisation\gitrepo\renderer\x64\release\lineinfogpu.cu.cache
d:\research\projects\turbulencevisualisation\gitrepo\renderer\x64\release\measures.cu.cache
d:\research\projects\turbulencevisualisation\gitrepo\renderer\x64\release\raycaster.cu.cache
d:\research\projects\turbulencevisualisation\gitrepo\renderer\x64\release\raycasterfillmeasurebrick.cu.cache
d:\research\projects\turbulencevisualisation\gitrepo\renderer\x64\release\raycasterkerneldvr.cu.cache
d:\research\projects\turbulencevisualisation\gitrepo\renderer\x64\release\raycasterkerneldvree.cu.cache
d:\research\projects\turbulencevisualisation\gitrepo\renderer\x64\release\raycasterkerneliso.cu.cache
d:\research\projects\turbulencevisualisation\gitrepo\renderer\x64\release\raycasterkerneliso2.cu.cache
d:\research\projects\turbulencevisualisation\gitrepo\renderer\x64\release\raycasterkerneliso2separate.cu.cache
d:\research\projects\turbulencevisualisation\gitrepo\renderer\x64\release\raycasterkernelms2isocascade.cu.cache
d:\research\projects\turbulencevisualisation\gitrepo\renderer\x64\release\raycasterkernelms3isocascade.cu.cache
d:\research\projects\turbulencevisualisation\gitrepo\renderer\x64\release\raycasterkernelms3sivr.cu.cache
d:\research\projects\turbulencevisualisation\gitrepo\renderer\x64\release\volumefilter.cu.cache
d:\research\projects\turbulencevisualisation\gitrepo\renderer\x64\release\volumeinfogpu.cu.cache
d:\research\projects\turbulencevisualisation\gitrepo\renderer\x64\release\brickindexgpu.cu.obj
d:\research\projects\turbulencevisualisation\gitrepo\renderer\x64\release\brickrequestsgpu.cu.obj
d:\research\projects\turbulencevisualisation\gitrepo\renderer\x64\release\brickslot.cu.obj
d:\research\projects\turbulencevisualisation\gitrepo\renderer\x64\release\clearcudaarray.cu.obj
d:\research\projects\turbulencevisualisation\gitrepo\renderer\x64\release\integrationparamsgpu.cu.obj
d:\research\projects\turbulencevisualisation\gitrepo\renderer\x64\release\integrator.cu.obj
d:\research\projects\turbulencevisualisation\gitrepo\renderer\x64\release\integratorkernelpath.cu.obj
d:\research\projects\turbulencevisualisation\gitrepo\renderer\x64\release\integratorkernelsimpleparticle.cu.obj
d:\research\projects\turbulencevisualisation\gitrepo\renderer\x64\release\integratorkernelstream.cu.obj
d:\research\projects\turbulencevisualisation\gitrepo\renderer\x64\release\integratorkernelstreamdense.cu.obj
d:\research\projects\turbulencevisualisation\gitrepo\renderer\x64\release\lineinfogpu.cu.obj
d:\research\projects\turbulencevisualisation\gitrepo\renderer\x64\release\raycaster.cu.obj
d:\research\projects\turbulencevisualisation\gitrepo\renderer\x64\release\volumefilter.cu.obj
d:\research\projects\turbulencevisualisation\gitrepo\renderer\x64\release\volumeinfogpu.cu.obj
d:\research\projects\turbulencevisualisation\gitrepo\renderer\x64\release\renderer.tlog\fxc.command.1.tlog
d:\research\projects\turbulencevisualisation\gitrepo\renderer\x64\release\renderer.tlog\fxc.read.1.tlog
d:\research\projects\turbulencevisualisation\gitrepo\renderer\x64\release\renderer.tlog\fxc.write.1.tlog
d:\research\projects\turbulencevisualisation\gitrepo\renderer\x64\release\renderer.tlog\renderer.write.1u.tlog
