  Skipping CUDA source file RaycasterKernelMs2IsoCascade.cu (excluded from build).
  Skipping CUDA source file RaycasterKernelMs3Sivr.cu (excluded from build).
  Skipping CUDA source file RaycasterKernelMs3IsoCascade.cu (excluded from build).
  TracingManager.cpp
  Generating Code...
  Compiling...
  main.cpp
  Generating Code...
Effects11d.lib(d3dxGlobal.obj) : warning LNK4099: PDB 'effects11d.pdb' was not found with 'Effects11d.lib(d3dxGlobal.obj)' or at 'C:\Users\ga38cat\LocalDocuments\turbulence-vis\x64\Debug\effects11d.pdb'; linking object as if no debug info
Effects11d.lib(EffectAPI.obj) : warning LNK4099: PDB 'effects11d.pdb' was not found with 'Effects11d.lib(EffectAPI.obj)' or at 'C:\Users\ga38cat\LocalDocuments\turbulence-vis\x64\Debug\effects11d.pdb'; linking object as if no debug info
Effects11d.lib(EffectLoad.obj) : warning LNK4099: PDB 'effects11d.pdb' was not found with 'Effects11d.lib(EffectLoad.obj)' or at 'C:\Users\ga38cat\LocalDocuments\turbulence-vis\x64\Debug\effects11d.pdb'; linking object as if no debug info
Effects11d.lib(EffectNonRuntime.obj) : warning LNK4099: PDB 'effects11d.pdb' was not found with 'Effects11d.lib(EffectNonRuntime.obj)' or at 'C:\Users\ga38cat\LocalDocuments\turbulence-vis\x64\Debug\effects11d.pdb'; linking object as if no debug info
Effects11d.lib(EffectReflection.obj) : warning LNK4099: PDB 'effects11d.pdb' was not found with 'Effects11d.lib(EffectReflection.obj)' or at 'C:\Users\ga38cat\LocalDocuments\turbulence-vis\x64\Debug\effects11d.pdb'; linking object as if no debug info
Effects11d.lib(EffectRuntime.obj) : warning LNK4099: PDB 'effects11d.pdb' was not found with 'Effects11d.lib(EffectRuntime.obj)' or at 'C:\Users\ga38cat\LocalDocuments\turbulence-vis\x64\Debug\effects11d.pdb'; linking object as if no debug info
  Renderer.vcxproj -> C:\Users\ga38cat\LocalDocuments\turbulence-vis\x64\Debug\Renderer.exe
  
  	                   4	C:\Users\ga38cat\LocalDocuments\turbulence-vis\Renderer\
  
  	                   1	C:\Users\ga38cat\LocalDocuments\turbulence-vis\Renderer\TransferFunctionEditor\
  
  	                   2	C:\Users\ga38cat\LocalDocuments\turbulence-vis\dll\
  
  	                   1	C:\Users\ga38cat\LocalDocuments\turbulence-vis\dll\Debug\
  Der Befehl "#robocopy" ist entweder falsch geschrieben oder
  konnte nicht gefunden werden.
  Der Befehl "#if" ist entweder falsch geschrieben oder
  konnte nicht gefunden werden.
