d:\research\projects\turbulencevisualisation\gitrepo\x64\debug\box.fxo
d:\research\projects\turbulencevisualisation\gitrepo\x64\debug\line.fxo
d:\research\projects\turbulencevisualisation\gitrepo\x64\debug\progressbar.fxo
d:\research\projects\turbulencevisualisation\gitrepo\x64\debug\screen.fxo
d:\research\projects\turbulencevisualisation\gitrepo\x64\debug\transferfunctioneditor.fxo
d:\research\projects\turbulencevisualisation\gitrepo\renderer\x64\debug\brickindexgpu.cu.cache
d:\research\projects\turbulencevisualisation\gitrepo\renderer\x64\debug\brickrequestsgpu.cu.cache
d:\research\projects\turbulencevisualisation\gitrepo\renderer\x64\debug\brickslot.cu.cache
d:\research\projects\turbulencevisualisation\gitrepo\renderer\x64\debug\clearcudaarray.cu.cache
d:\research\projects\turbulencevisualisation\gitrepo\renderer\x64\debug\integrationparamsgpu.cu.cache
d:\research\projects\turbulencevisualisation\gitrepo\renderer\x64\debug\integrator.cu.cache
d:\research\projects\turbulencevisualisation\gitrepo\renderer\x64\debug\integratorkernelpath.cu.cache
d:\research\projects\turbulencevisualisation\gitrepo\renderer\x64\debug\integratorkernelsimpleparticle.cu.cache
d:\research\projects\turbulencevisualisation\gitrepo\renderer\x64\debug\integratorkernelstream.cu.cache
d:\research\projects\turbulencevisualisation\gitrepo\renderer\x64\debug\integratorkernelstreamdense.cu.cache
d:\research\projects\turbulencevisualisation\gitrepo\renderer\x64\debug\lineinfogpu.cu.cache
d:\research\projects\turbulencevisualisation\gitrepo\renderer\x64\debug\measures.cu.cache
d:\research\projects\turbulencevisualisation\gitrepo\renderer\x64\debug\raycaster.cu.cache
d:\research\projects\turbulencevisualisation\gitrepo\renderer\x64\debug\raycasterfillmeasurebrick.cu.cache
d:\research\projects\turbulencevisualisation\gitrepo\renderer\x64\debug\raycasterkerneldvr.cu.cache
d:\research\projects\turbulencevisualisation\gitrepo\renderer\x64\debug\raycasterkerneldvree.cu.cache
d:\research\projects\turbulencevisualisation\gitrepo\renderer\x64\debug\raycasterkerneliso.cu.cache
d:\research\projects\turbulencevisualisation\gitrepo\renderer\x64\debug\raycasterkerneliso2.cu.cache
d:\research\projects\turbulencevisualisation\gitrepo\renderer\x64\debug\raycasterkerneliso2separate.cu.cache
d:\research\projects\turbulencevisualisation\gitrepo\renderer\x64\debug\raycasterkernelms2isocascade.cu.cache
d:\research\projects\turbulencevisualisation\gitrepo\renderer\x64\debug\raycasterkernelms3isocascade.cu.cache
d:\research\projects\turbulencevisualisation\gitrepo\renderer\x64\debug\raycasterkernelms3sivr.cu.cache
d:\research\projects\turbulencevisualisation\gitrepo\renderer\x64\debug\volumefilter.cu.cache
d:\research\projects\turbulencevisualisation\gitrepo\renderer\x64\debug\volumeinfogpu.cu.cache
d:\research\projects\turbulencevisualisation\gitrepo\renderer\x64\debug\brickindexgpu.cu.obj
d:\research\projects\turbulencevisualisation\gitrepo\renderer\x64\debug\brickrequestsgpu.cu.obj
d:\research\projects\turbulencevisualisation\gitrepo\renderer\x64\debug\brickslot.cu.obj
d:\research\projects\turbulencevisualisation\gitrepo\renderer\x64\debug\clearcudaarray.cu.obj
d:\research\projects\turbulencevisualisation\gitrepo\renderer\x64\debug\integrationparamsgpu.cu.obj
d:\research\projects\turbulencevisualisation\gitrepo\renderer\x64\debug\integrator.cu.obj
d:\research\projects\turbulencevisualisation\gitrepo\renderer\x64\debug\integratorkernelpath.cu.obj
d:\research\projects\turbulencevisualisation\gitrepo\renderer\x64\debug\integratorkernelsimpleparticle.cu.obj
d:\research\projects\turbulencevisualisation\gitrepo\renderer\x64\debug\integratorkernelstream.cu.obj
d:\research\projects\turbulencevisualisation\gitrepo\renderer\x64\debug\integratorkernelstreamdense.cu.obj
d:\research\projects\turbulencevisualisation\gitrepo\renderer\x64\debug\lineinfogpu.cu.obj
d:\research\projects\turbulencevisualisation\gitrepo\renderer\x64\debug\raycaster.cu.obj
d:\research\projects\turbulencevisualisation\gitrepo\renderer\x64\debug\volumefilter.cu.obj
d:\research\projects\turbulencevisualisation\gitrepo\renderer\x64\debug\volumeinfogpu.cu.obj
d:\research\projects\turbulencevisualisation\gitrepo\renderer\x64\debug\renderer.tlog\fxc.command.1.tlog
d:\research\projects\turbulencevisualisation\gitrepo\renderer\x64\debug\renderer.tlog\fxc.read.1.tlog
d:\research\projects\turbulencevisualisation\gitrepo\renderer\x64\debug\renderer.tlog\fxc.write.1.tlog
d:\research\projects\turbulencevisualisation\gitrepo\renderer\x64\debug\renderer.tlog\renderer.write.1u.tlog
